<?xml version="1.0" encoding="utf-8"?><testsuites name="pytest tests"><testsuite name="pytest" errors="0" failures="0" skipped="1" tests="29" time="4.043" timestamp="2026-07-08T18:29:01.718282+00:00" hostname="agent-env-f31c502f-344f-429c-b30b-65a52f9ae625"><testcase classname="tests.backend_test.TestDonations" name="test_checkout_supporter_pkg" time="0.908" /><testcase classname="tests.backend_test.TestAdmin" name="test_admin_requires_auth[/admin/stats]" time="0.906" /><testcase classname="tests.backend_test.TestAdmin" name="test_admin_requires_auth[/admin/volunteers]" time="0.087" /><testcase classname="tests.backend_test.TestDonations" name="test_checkout_invalid_package" time="0.149" /><testcase classname="tests.backend_test.TestAdmin" name="test_admin_requires_auth[/admin/contacts]" time="0.094" /><testcase classname="tests.backend_test.TestDonations" name="test_checkout_custom_below_min" time="0.083" /><testcase classname="tests.backend_test.TestAdmin" name="test_admin_requires_auth[/admin/newsletter]" time="0.100" /><testcase classname="tests.backend_test.TestDonations" name="test_status_nonexistent_session" time="0.089" /><testcase classname="tests.backend_test.TestAdmin" name="test_admin_requires_auth[/admin/donations]" time="0.094" /><testcase classname="tests.backend_test.TestDonations" name="test_certificate_not_found" time="0.056" /><testcase classname="tests.backend_test.TestDonations" name="test_certificate_not_paid_returns_400" time="0.745" /><testcase classname="tests.backend_test.TestDonations" name="test_certificate_pdf_when_paid" time="0.364"><skipped type="pytest.skip" message="No paid transactions in DB to verify PDF binary; error paths validated separately">/app/backend/tests/backend_test.py:272: No paid transactions in DB to verify PDF binary; error paths validated separately</skipped></testcase><testcase classname="tests.backend_test.TestAdmin" name="test_admin_stats_with_token" time="1.033" /><testcase classname="tests.backend_test.TestAdmin" name="test_admin_volunteers_list_and_no_mongo_id" time="0.353" /><testcase classname="tests.backend_test.TestAuth" name="test_login_success_returns_token_and_user" time="0.268" /><testcase classname="tests.backend_test.TestAuth" name="test_login_wrong_password" time="0.303" /><testcase classname="tests.backend_test.TestAdmin" name="test_admin_contacts_endpoint" time="0.261" /><testcase classname="tests.backend_test.TestAdmin" name="test_admin_newsletter_endpoint" time="0.089" /><testcase classname="tests.backend_test.TestAuth" name="test_login_unknown_user" time="0.048" /><testcase classname="tests.backend_test.TestAuth" name="test_me_without_token" time="0.077" /><testcase classname="tests.backend_test.TestAdmin" name="test_admin_donations_endpoint" time="0.112" /><testcase classname="tests.backend_test.TestVolunteers" name="test_create_volunteer_and_persist" time="0.042" /><testcase classname="tests.backend_test.TestVolunteers" name="test_create_volunteer_invalid_email" time="0.231" /><testcase classname="tests.backend_test.TestAuth" name="test_me_with_valid_token" time="0.399" /><testcase classname="tests.backend_test.TestPublicConfig" name="test_get_config_shape_and_values" time="0.048" /><testcase classname="tests.backend_test.TestContact" name="test_create_contact" time="0.083" /><testcase classname="tests.backend_test.TestAuth" name="test_me_invalid_token" time="0.137" /><testcase classname="tests.backend_test.TestNewsletter" name="test_subscribe_and_idempotent" time="0.083" /><testcase classname="tests.backend_test.TestRoot" name="test_root_message" time="0.045" /></testsuite></testsuites>