<?xml version="1.0" encoding="utf-8"?><testsuites name="pytest tests"><testsuite name="pytest" errors="0" failures="0" skipped="0" tests="15" time="6.033" timestamp="2026-07-08T17:59:47.588589+00:00" hostname="agent-env-f31c502f-344f-429c-b30b-65a52f9ae625"><testcase classname="tests.backend_test.TestVolunteers" name="test_create_volunteer_and_persist" time="0.932" /><testcase classname="tests.backend_test.TestDonations" name="test_checkout_valid_packages[supporter-500.0]" time="1.250" /><testcase classname="tests.backend_test.TestVolunteers" name="test_create_volunteer_invalid_email" time="0.313" /><testcase classname="tests.backend_test.TestRoot" name="test_root_message" time="0.076" /><testcase classname="tests.backend_test.TestDonations" name="test_checkout_valid_packages[friend-1000.0]" time="1.373" /><testcase classname="tests.backend_test.TestContact" name="test_create_contact" time="0.436" /><testcase classname="tests.backend_test.TestNewsletter" name="test_subscribe_new_email" time="0.902" /><testcase classname="tests.backend_test.TestDonations" name="test_checkout_valid_packages[champion-2500.0]" time="0.949" /><testcase classname="tests.backend_test.TestDonations" name="test_checkout_invalid_package" time="0.040" /><testcase classname="tests.backend_test.TestDonations" name="test_checkout_custom_below_min" time="0.041" /><testcase classname="tests.backend_test.TestDonations" name="test_checkout_custom_above_max" time="0.042" /><testcase classname="tests.backend_test.TestDonations" name="test_checkout_no_package_no_amount" time="0.041" /><testcase classname="tests.backend_test.TestDonations" name="test_checkout_custom_valid" time="0.543" /><testcase classname="tests.backend_test.TestDonations" name="test_checkout_server_side_amount_authoritative" time="1.064" /><testcase classname="tests.backend_test.TestDonations" name="test_status_nonexistent_session" time="0.047" /></testsuite></testsuites>